<?xml version="1.0" encoding="UTF-8"?>
<!-- Generated by org.testng.reporters.JUnitReportReporter -->
<testsuite hostname="Itz-Aravind-PC" failures="0" tests="1" name="tests.Scenario2Test" time="5.840" errors="0" timestamp="2023-11-19T00:56:37 IST" skipped="0">
  <testcase classname="tests.Scenario2Test" name="testScenario2" time="5.840"/>
  <system-out>
    <![CDATA[Popup closed
Home Page Title Verified and matching
Flipkart is present on left side of the top
Total item count 27
Clicked First Item
Title Matched]]>
  </system-out>
</testsuite> <!-- tests.Scenario2Test -->
